<?xml version="1.0" encoding="UTF-8"?>
<!-- Generated by org.testng.reporters.JUnitXMLReporter -->
<testsuite ignored="0" hostname="Sanju" failures="0" tests="1" name="module4" time="0.049" errors="0" timestamp="2023-07-05T16:09:22 IST">
  <testcase classname="Module1_login_Test.PBLoginTest1" name="@BeforeClass openBrowser" time="-1.688553562552E9">
    <failure type="org.testng.TestNGException" message="
Parameter &amp;apos;browserName&amp;apos; is required by BeforeClass on method openBrowser but has not been marked @Optional or defined
in C:\Users\sanja\OneDrive\Desktop\Study\workspaceFor28thJan23\28thJanSeleniumMaven\testng.xml">
      <![CDATA[org.testng.TestNGException: 
Parameter 'browserName' is required by BeforeClass on method openBrowser but has not been marked @Optional or defined
in C:\Users\sanja\OneDrive\Desktop\Study\workspaceFor28thJan23\28thJanSeleniumMaven\testng.xml
at java.base/java.util.ArrayList.forEach(ArrayList.java:1541)
... Removed 22 stack frames]]>
    </failure>
  </testcase> <!-- @BeforeClass openBrowser -->
  <testcase classname="Module1_login_Test.PBLoginTest1" name="@BeforeMethod loginToApp" time="-1.688553562574E9">
    <skipped/>
  </testcase> <!-- @BeforeMethod loginToApp -->
  <testcase classname="Module1_login_Test.PBLoginTest1" name="@AfterMethod logoutFromApp" time="-1.688553562582E9">
    <skipped/>
  </testcase> <!-- @AfterMethod logoutFromApp -->
  <testcase classname="Module1_login_Test.PBLoginTest1" name="@AfterClass closeBrowser" time="-1.688553562584E9">
    <skipped/>
  </testcase> <!-- @AfterClass closeBrowser -->
  <testcase classname="Module1_login_Test.PBLoginTest1" name="verifyFullName" time="0.0">
    <skipped/>
  </testcase> <!-- verifyFullName -->
</testsuite> <!-- module4 -->
